# JRE version: Java(TM) SE Runtime Environment (8.0_66-b17) (build 1.8.0_66-b17)
# Java VM: Java HotSpot(TM) 64-Bit Server VM (25.66-b17 mixed mode linux-amd64 compressed oops)
Heap:
 PSYoungGen      total 24064K, used 16126K [0x00000000d6e00000, 0x00000000e5d80000, 0x0000000100000000)
  eden space 23552K, 68% used [0x00000000d6e00000,0x00000000d7daf870,0x00000000d8500000)
  from space 512K, 12% used [0x00000000e5c80000,0x00000000e5c90000,0x00000000e5d00000)
  to   space 512K, 0% used [0x00000000e5d00000,0x00000000e5d00000,0x00000000e5d80000)
 ParOldGen       total 84992K, used 2788K [0x0000000084a00000, 0x0000000089d00000, 0x00000000d6e00000)
  object space 84992K, 3% used [0x0000000084a00000,0x0000000084cb93d8,0x0000000089d00000)
 Metaspace       used 5372K, capacity 5524K, committed 5888K, reserved 1056768K
  class space    used 614K, capacity 656K, committed 768K, reserved 1048576K
GC Heap History (10 events):
Event: 763.777 GC heap before
{Heap before GC invocations=217 (full 0):
 PSYoungGen      total 24064K, used 23648K [0x00000000d6e00000, 0x00000000e5d80000, 0x0000000100000000)
  eden space 23552K, 100% used [0x00000000d6e00000,0x00000000d8500000,0x00000000d8500000)
  from space 512K, 18% used [0x00000000e5d00000,0x00000000e5d18000,0x00000000e5d80000)
  to   space 512K, 0% used [0x00000000e5c80000,0x00000000e5c80000,0x00000000e5d00000)
 ParOldGen       total 84992K, used 2748K [0x0000000084a00000, 0x0000000089d00000, 0x00000000d6e00000)
  object space 84992K, 3% used [0x0000000084a00000,0x0000000084caf3d8,0x0000000089d00000)
 Metaspace       used 5372K, capacity 5524K, committed 5888K, reserved 1056768K
  class space    used 614K, capacity 656K, committed 768K, reserved 1048576K
Event: 763.785 GC heap after
Heap after GC invocations=217 (full 0):
 PSYoungGen      total 24064K, used 64K [0x00000000d6e00000, 0x00000000e5d80000, 0x0000000100000000)
  eden space 23552K, 0% used [0x00000000d6e00000,0x00000000d6e00000,0x00000000d8500000)
  from space 512K, 12% used [0x00000000e5c80000,0x00000000e5c90000,0x00000000e5d00000)
  to   space 512K, 0% used [0x00000000e5d00000,0x00000000e5d00000,0x00000000e5d80000)
 ParOldGen       total 84992K, used 2756K [0x0000000084a00000, 0x0000000089d00000, 0x00000000d6e00000)
  object space 84992K, 3% used [0x0000000084a00000,0x0000000084cb13d8,0x0000000089d00000)
 Metaspace       used 5372K, capacity 5524K, committed 5888K, reserved 1056768K
  class space    used 614K, capacity 656K, committed 768K, reserved 1048576K
}
Event: 765.553 GC heap before
{Heap before GC invocations=218 (full 0):
 PSYoungGen      total 24064K, used 23616K [0x00000000d6e00000, 0x00000000e5d80000, 0x0000000100000000)
  eden space 23552K, 100% used [0x00000000d6e00000,0x00000000d8500000,0x00000000d8500000)
  from space 512K, 12% used [0x00000000e5c80000,0x00000000e5c90000,0x00000000e5d00000)
  to   space 512K, 0% used [0x00000000e5d00000,0x00000000e5d00000,0x00000000e5d80000)
 ParOldGen       total 84992K, used 2756K [0x0000000084a00000, 0x0000000089d00000, 0x00000000d6e00000)
  object space 84992K, 3% used [0x0000000084a00000,0x0000000084cb13d8,0x0000000089d00000)
 Metaspace       used 5372K, capacity 5524K, committed 5888K, reserved 1056768K
  class space    used 614K, capacity 656K, committed 768K, reserved 1048576K
Event: 765.555 GC heap after
Heap after GC invocations=218 (full 0):
 PSYoungGen      total 24064K, used 64K [0x00000000d6e00000, 0x00000000e5d80000, 0x0000000100000000)
  eden space 23552K, 0% used [0x00000000d6e00000,0x00000000d6e00000,0x00000000d8500000)
  from space 512K, 12% used [0x00000000e5d00000,0x00000000e5d10000,0x00000000e5d80000)
  to   space 512K, 0% used [0x00000000e5c80000,0x00000000e5c80000,0x00000000e5d00000)
 ParOldGen       total 84992K, used 2764K [0x0000000084a00000, 0x0000000089d00000, 0x00000000d6e00000)
  object space 84992K, 3% used [0x0000000084a00000,0x0000000084cb33d8,0x0000000089d00000)
 Metaspace       used 5372K, capacity 5524K, committed 5888K, reserved 1056768K
  class space    used 614K, capacity 656K, committed 768K, reserved 1048576K
}
Event: 767.387 GC heap before
{Heap before GC invocations=219 (full 0):
 PSYoungGen      total 24064K, used 23616K [0x00000000d6e00000, 0x00000000e5d80000, 0x0000000100000000)
  eden space 23552K, 100% used [0x00000000d6e00000,0x00000000d8500000,0x00000000d8500000)
  from space 512K, 12% used [0x00000000e5d00000,0x00000000e5d10000,0x00000000e5d80000)
  to   space 512K, 0% used [0x00000000e5c80000,0x00000000e5c80000,0x00000000e5d00000)
 ParOldGen       total 84992K, used 2764K [0x0000000084a00000, 0x0000000089d00000, 0x00000000d6e00000)
  object space 84992K, 3% used [0x0000000084a00000,0x0000000084cb33d8,0x0000000089d00000)
 Metaspace       used 5372K, capacity 5524K, committed 5888K, reserved 1056768K
  class space    used 614K, capacity 656K, committed 768K, reserved 1048576K
Event: 767.389 GC heap after
Heap after GC invocations=219 (full 0):
 PSYoungGen      total 24064K, used 64K [0x00000000d6e00000, 0x00000000e5d80000, 0x0000000100000000)
  eden space 23552K, 0% used [0x00000000d6e00000,0x00000000d6e00000,0x00000000d8500000)
  from space 512K, 12% used [0x00000000e5c80000,0x00000000e5c90000,0x00000000e5d00000)
  to   space 512K, 0% used [0x00000000e5d00000,0x00000000e5d00000,0x00000000e5d80000)
 ParOldGen       total 84992K, used 2772K [0x0000000084a00000, 0x0000000089d00000, 0x00000000d6e00000)
  object space 84992K, 3% used [0x0000000084a00000,0x0000000084cb53d8,0x0000000089d00000)
 Metaspace       used 5372K, capacity 5524K, committed 5888K, reserved 1056768K
  class space    used 614K, capacity 656K, committed 768K, reserved 1048576K
}
Event: 769.219 GC heap before
{Heap before GC invocations=220 (full 0):
 PSYoungGen      total 24064K, used 23616K [0x00000000d6e00000, 0x00000000e5d80000, 0x0000000100000000)
  eden space 23552K, 100% used [0x00000000d6e00000,0x00000000d8500000,0x00000000d8500000)
  from space 512K, 12% used [0x00000000e5c80000,0x00000000e5c90000,0x00000000e5d00000)
  to   space 512K, 0% used [0x00000000e5d00000,0x00000000e5d00000,0x00000000e5d80000)
 ParOldGen       total 84992K, used 2772K [0x0000000084a00000, 0x0000000089d00000, 0x00000000d6e00000)
  object space 84992K, 3% used [0x0000000084a00000,0x0000000084cb53d8,0x0000000089d00000)
 Metaspace       used 5372K, capacity 5524K, committed 5888K, reserved 1056768K
  class space    used 614K, capacity 656K, committed 768K, reserved 1048576K
Event: 769.220 GC heap after
Heap after GC invocations=220 (full 0):
 PSYoungGen      total 24064K, used 96K [0x00000000d6e00000, 0x00000000e5d80000, 0x0000000100000000)
  eden space 23552K, 0% used [0x00000000d6e00000,0x00000000d6e00000,0x00000000d8500000)
  from space 512K, 18% used [0x00000000e5d00000,0x00000000e5d18000,0x00000000e5d80000)
  to   space 512K, 0% used [0x00000000e5c80000,0x00000000e5c80000,0x00000000e5d00000)
 ParOldGen       total 84992K, used 2780K [0x0000000084a00000, 0x0000000089d00000, 0x00000000d6e00000)
  object space 84992K, 3% used [0x0000000084a00000,0x0000000084cb73d8,0x0000000089d00000)
 Metaspace       used 5372K, capacity 5524K, committed 5888K, reserved 1056768K
  class space    used 614K, capacity 656K, committed 768K, reserved 1048576K
}
Event: 772.253 GC heap before
{Heap before GC invocations=221 (full 0):
 PSYoungGen      total 24064K, used 23648K [0x00000000d6e00000, 0x00000000e5d80000, 0x0000000100000000)
  eden space 23552K, 100% used [0x00000000d6e00000,0x00000000d8500000,0x00000000d8500000)
  from space 512K, 18% used [0x00000000e5d00000,0x00000000e5d18000,0x00000000e5d80000)
  to   space 512K, 0% used [0x00000000e5c80000,0x00000000e5c80000,0x00000000e5d00000)
 ParOldGen       total 84992K, used 2780K [0x0000000084a00000, 0x0000000089d00000, 0x00000000d6e00000)
  object space 84992K, 3% used [0x0000000084a00000,0x0000000084cb73d8,0x0000000089d00000)
 Metaspace       used 5372K, capacity 5524K, committed 5888K, reserved 1056768K
  class space    used 614K, capacity 656K, committed 768K, reserved 1048576K
Event: 772.255 GC heap after
Heap after GC invocations=221 (full 0):
 PSYoungGen      total 24064K, used 64K [0x00000000d6e00000, 0x00000000e5d80000, 0x0000000100000000)
  eden space 23552K, 0% used [0x00000000d6e00000,0x00000000d6e00000,0x00000000d8500000)
  from space 512K, 12% used [0x00000000e5c80000,0x00000000e5c90000,0x00000000e5d00000)
  to   space 512K, 0% used [0x00000000e5d00000,0x00000000e5d00000,0x00000000e5d80000)
 ParOldGen       total 84992K, used 2788K [0x0000000084a00000, 0x0000000089d00000, 0x00000000d6e00000)
  object space 84992K, 3% used [0x0000000084a00000,0x0000000084cb93d8,0x0000000089d00000)
 Metaspace       used 5372K, capacity 5524K, committed 5888K, reserved 1056768K
  class space    used 614K, capacity 656K, committed 768K, reserved 1048576K
}

